[1119/190507.637:ERROR:process_memory_win.cc(73)] ReadMemory at 0x7ff601bc0000 of 64 bytes failed: Only part of a ReadProcessMemory or WriteProcessMemory request was completed. (0x12B)
[1119/190528.423:WARNING:pe_image_reader.cc(340)] could not read dos header from C:\Program Files (x86)\Google\Chrome\Application\chrome.exe
[1119/190528.423:ERROR:process_memory_win.cc(73)] ReadMemory at 0x7ffd92560000 of 64 bytes failed: Only part of a ReadProcessMemory or WriteProcessMemory request was completed. (0x12B)
[1119/190528.423:WARNING:pe_image_reader.cc(340)] could not read dos header from C:\Windows\SYSTEM32\ntdll.dll
[1119/190528.423:ERROR:process_memory_win.cc(73)] ReadMemory at 0x7ffd92420000 of 64 bytes failed: Only part of a ReadProcessMemory or WriteProcessMemory request was completed. (0x12B)
[1119/190528.965:WARNING:pe_image_reader.cc(340)] could not read dos header from C:\Windows\system32\KERNEL32.DLL
[1119/190528.965:ERROR:process_memory_win.cc(73)] ReadMemory at 0x7ffd8fad0000 of 64 bytes failed: Only part of a ReadProcessMemory or WriteProcessMemory request was completed. (0x12B)
[1119/190528.965:WARNING:pe_image_reader.cc(340)] could not read dos header from C:\Windows\system32\KERNELBASE.dll
[1119/190528.965:ERROR:process_memory_win.cc(73)] ReadMemory at 0x7ffd79d30000 of 64 bytes failed: Only part of a ReadProcessMemory or WriteProcessMemory request was completed. (0x12B)
[1119/190528.965:WARNING:pe_image_reader.cc(340)] could not read dos header from C:\Program Files (x86)\Google\Chrome\Application\78.0.3904.97\chrome_elf.dll
[1119/190528.965:ERROR:process_memory_win.cc(73)] ReadMemory at 0x7ffd89ae0000 of 64 bytes failed: Only part of a ReadProcessMemory or WriteProcessMemory request was completed. (0x12B)
[1119/190528.965:WARNING:pe_image_reader.cc(340)] could not read dos header from C:\Windows\SYSTEM32\VERSION.dll
[1119/190528.965:ERROR:process_memory_win.cc(73)] ReadMemory at 0x7ffd921f0000 of 64 bytes failed: Only part of a ReadProcessMemory or WriteProcessMemory request was completed. (0x12B)
[1119/190528.965:WARNING:pe_image_reader.cc(340)] could not read dos header from C:\Windows\system32\msvcrt.dll
[1119/190528.965:ERROR:process_memory_win.cc(73)] ReadMemory at 0x7ffd84010000 of 64 bytes failed: Only part of a ReadProcessMemory or WriteProcessMemory request was completed. (0x12B)
[1119/190528.965:WARNING:pe_image_reader.cc(340)] could not read dos header from C:\Windows\SYSTEM32\WINMM.dll
[1119/190528.965:ERROR:process_memory_win.cc(73)] ReadMemory at 0x7ffd83fe0000 of 64 bytes failed: Only part of a ReadProcessMemory or WriteProcessMemory request was completed. (0x12B)
[1119/190528.965:WARNING:pe_image_reader.cc(340)] could not read dos header from C:\Windows\SYSTEM32\WINMMBASE.dll
[1119/190528.965:ERROR:process_memory_win.cc(73)] ReadMemory at 0x7ffd922a0000 of 64 bytes failed: Only part of a ReadProcessMemory or WriteProcessMemory request was completed. (0x12B)
[1119/190528.965:WARNING:pe_image_reader.cc(340)] could not read dos header from C:\Windows\system32\USER32.dll
[1119/190528.966:ERROR:process_memory_win.cc(73)] ReadMemory at 0x7ffd8f940000 of 64 bytes failed: Only part of a ReadProcessMemory or WriteProcessMemory request was completed. (0x12B)
[1119/190528.966:WARNING:pe_image_reader.cc(340)] could not read dos header from C:\Windows\SYSTEM32\cfgmgr32.dll
[1119/190528.966:ERROR:process_memory_win.cc(73)] ReadMemory at 0x7ffd8e4b0000 of 64 bytes failed: Only part of a ReadProcessMemory or WriteProcessMemory request was completed. (0x12B)
[1119/190528.966:WARNING:pe_image_reader.cc(340)] could not read dos header from C:\Windows\SYSTEM32\DEVOBJ.dll
[1119/190528.966:ERROR:process_memory_win.cc(73)] ReadMemory at 0x7ffd8fcc0000 of 64 bytes failed: Only part of a ReadProcessMemory or WriteProcessMemory request was completed. (0x12B)
[1119/190528.966:WARNING:pe_image_reader.cc(340)] could not read dos header from C:\Windows\system32\GDI32.dll
[1119/190528.966:ERROR:process_memory_win.cc(73)] ReadMemory at 0x7ffd90490000 of 64 bytes failed: Only part of a ReadProcessMemory or WriteProcessMemory request was completed. (0x12B)
[1119/190528.966:WARNING:pe_image_reader.cc(340)] could not read dos header from C:\Windows\system32\IMM32.DLL
[1119/190528.966:ERROR:process_memory_win.cc(73)] ReadMemory at 0x7ffd90330000 of 64 bytes failed: Only part of a ReadProcessMemory or WriteProcessMemory request was completed. (0x12B)
[1119/190528.966:WARNING:pe_image_reader.cc(340)] could not read dos header from C:\Windows\system32\MSCTF.dll
[1119/190528.966:ERROR:process_memory_win.cc(73)] ReadMemory at 0x7ffd92140000 of 64 bytes failed: Only part of a ReadProcessMemory or WriteProcessMemory request was completed. (0x12B)
[1119/190528.966:WARNING:pe_image_reader.cc(340)] could not read dos header from C:\Windows\system32\ADVAPI32.dll
[1119/190528.966:ERROR:process_memory_win.cc(73)] ReadMemory at 0x7ffd8fee0000 of 64 bytes failed: Only part of a ReadProcessMemory or WriteProcessMemory request was completed. (0x12B)
[1119/190528.966:WARNING:pe_image_reader.cc(340)] could not read dos header from C:\Windows\SYSTEM32\sechost.dll
[1119/190528.966:ERROR:process_memory_win.cc(73)] ReadMemory at 0x7ffd92000000 of 64 bytes failed: Only part of a ReadProcessMemory or WriteProcessMemory request was completed. (0x12B)
[1119/190528.966:WARNING:pe_image_reader.cc(340)] could not read dos header from C:\Windows\system32\RPCRT4.dll
[1119/190528.966:ERROR:process_memory_win.cc(73)] ReadMemory at 0x7ffd8faa0000 of 64 bytes failed: Only part of a ReadProcessMemory or WriteProcessMemory request was completed. (0x12B)
[1119/190528.966:WARNING:pe_image_reader.cc(340)] could not read dos header from C:\Windows\system32\SspiCli.dll
[1119/190528.966:ERROR:process_memory_win.cc(73)] ReadMemory at 0x7ffd61e30000 of 64 bytes failed: Only part of a ReadProcessMemory or WriteProcessMemory request was completed. (0x12B)
[1119/190528.966:WARNING:pe_image_reader.cc(340)] could not read dos header from C:\Program Files (x86)\Google\Chrome\Application\78.0.3904.97\chrome_child.dll
[1119/190528.966:ERROR:process_memory_win.cc(73)] ReadMemory at 0x5e216b0000 of 64 bytes failed: Only part of a ReadProcessMemory or WriteProcessMemory request was completed. (0x12B)
[1119/190528.966:WARNING:pe_image_reader.cc(340)] could not read dos header from C:\Windows\system32\OLEAUT32.dll
[1119/190528.966:ERROR:process_memory_win.cc(73)] ReadMemory at 0x7ffd91cd0000 of 64 bytes failed: Only part of a ReadProcessMemory or WriteProcessMemory request was completed. (0x12B)
[1119/190528.966:WARNING:pe_image_reader.cc(340)] could not read dos header from C:\Windows\system32\WS2_32.dll
[1119/190528.966:ERROR:process_memory_win.cc(73)] ReadMemory at 0x7ffd8b180000 of 64 bytes failed: Only part of a ReadProcessMemory or WriteProcessMemory request was completed. (0x12B)
[1119/190528.966:WARNING:pe_image_reader.cc(340)] could not read dos header from C:\Windows\SYSTEM32\IPHLPAPI.DLL
[1119/190528.966:ERROR:process_memory_win.cc(73)] ReadMemory at 0x7ffd8f990000 of 64 bytes failed: Only part of a ReadProcessMemory or WriteProcessMemory request was completed. (0x12B)
[1119/190528.966:WARNING:pe_image_reader.cc(340)] could not read dos header from C:\Windows\system32\WINTRUST.dll
[1119/190528.966:ERROR:process_memory_win.cc(73)] ReadMemory at 0x7ffd8f760000 of 64 bytes failed: Only part of a ReadProcessMemory or WriteProcessMemory request was completed. (0x12B)
[1119/190528.966:WARNING:pe_image_reader.cc(340)] could not read dos header from C:\Windows\system32\CRYPT32.dll
[1119/190528.966:ERROR:process_memory_win.cc(73)] ReadMemory at 0x7ffd8ec50000 of 64 bytes failed: Only part of a ReadProcessMemory or WriteProcessMemory request was completed. (0x12B)
[1119/190528.966:WARNING:pe_image_reader.cc(340)] could not read dos header from C:\Windows\SYSTEM32\USERENV.dll
[1119/190528.966:ERROR:process_memory_win.cc(73)] ReadMemory at 0x7ffd8a8a0000 of 64 bytes failed: Only part of a ReadProcessMemory or WriteProcessMemory request was completed. (0x12B)
[1119/190528.966:WARNING:pe_image_reader.cc(340)] could not read dos header from C:\Windows\SYSTEM32\DWrite.dll
[1119/190528.966:ERROR:process_memory_win.cc(73)] ReadMemory at 0x7ffd7ddc0000 of 64 bytes failed: Only part of a ReadProcessMemory or WriteProcessMemory request was completed. (0x12B)
[1119/190529.233:WARNING:pe_image_reader.cc(340)] could not read dos header from C:\Windows\SYSTEM32\WINSPOOL.DRV
[1119/190529.233:ERROR:process_memory_win.cc(73)] ReadMemory at 0x7ffd8d380000 of 64 bytes failed: Only part of a ReadProcessMemory or WriteProcessMemory request was completed. (0x12B)
[1119/190529.233:WARNING:pe_image_reader.cc(340)] could not read dos header from C:\Windows\SYSTEM32\dbghelp.dll
[1119/190529.233:ERROR:process_memory_win.cc(73)] ReadMemory at 0x7ffd8a190000 of 64 bytes failed: Only part of a ReadProcessMemory or WriteProcessMemory request was completed. (0x12B)
[1119/190529.233:WARNING:pe_image_reader.cc(340)] could not read dos header from C:\Windows\SYSTEM32\Secur32.dll
[1119/190529.233:ERROR:process_memory_win.cc(73)] ReadMemory at 0x7ffd89c20000 of 64 bytes failed: Only part of a ReadProcessMemory or WriteProcessMemory request was completed. (0x12B)
[1119/190529.233:WARNING:pe_image_reader.cc(340)] could not read dos header from C:\Windows\SYSTEM32\WINHTTP.dll
[1119/190529.233:ERROR:process_memory_win.cc(73)] ReadMemory at 0x7ffd8af20000 of 64 bytes failed: Only part of a ReadProcessMemory or WriteProcessMemory request was completed. (0x12B)
[1119/190529.233:WARNING:pe_image_reader.cc(340)] could not read dos header from C:\Windows\SYSTEM32\dhcpcsvc.DLL
[1119/190529.233:ERROR:process_memory_win.cc(73)] ReadMemory at 0x7ffd90120000 of 64 bytes failed: Only part of a ReadProcessMemory or WriteProcessMemory request was completed. (0x12B)
[1119/190529.233:WARNING:pe_image_reader.cc(340)] could not read dos header from C:\Windows\system32\combase.dll
[1119/190529.233:ERROR:process_memory_win.cc(73)] ReadMemory at 0x7ffd904e0000 of 64 bytes failed: Only part of a ReadProcessMemory or WriteProcessMemory request was completed. (0x12B)
[1119/190529.233:WARNING:pe_image_reader.cc(340)] could not read dos header from C:\Windows\system32\NSI.dll
[1119/190529.233:ERROR:process_memory_win.cc(73)] ReadMemory at 0x7ffd8b120000 of 64 bytes failed: Only part of a ReadProcessMemory or WriteProcessMemory request was completed. (0x12B)
[1119/190529.233:WARNING:pe_image_reader.cc(340)] could not read dos header from C:\Windows\SYSTEM32\WINNSI.DLL
[1119/190529.233:ERROR:process_memory_win.cc(73)] ReadMemory at 0x7ffd8f740000 of 64 bytes failed: Only part of a ReadProcessMemory or WriteProcessMemory request was completed. (0x12B)
[1119/190529.233:WARNING:pe_image_reader.cc(340)] could not read dos header from C:\Windows\system32\MSASN1.dll
[1119/190529.233:ERROR:process_memory_win.cc(73)] ReadMemory at 0x7ffd8f690000 of 64 bytes failed: Only part of a ReadProcessMemory or WriteProcessMemory request was completed. (0x12B)
[1119/190529.233:WARNING:pe_image_reader.cc(340)] could not read dos header from C:\Windows\SYSTEM32\profapi.dll
[1119/190529.233:ERROR:process_memory_win.cc(73)] ReadMemory at 0x7ffd8f500000 of 64 bytes failed: Only part of a ReadProcessMemory or WriteProcessMemory request was completed. (0x12B)
[1119/190529.233:WARNING:pe_image_reader.cc(340)] could not read dos header from C:\Windows\SYSTEM32\CRYPTBASE.DLL
[1119/190529.233:ERROR:process_memory_win.cc(73)] ReadMemory at 0x7ffd8f490000 of 64 bytes failed: Only part of a ReadProcessMemory or WriteProcessMemory request was completed. (0x12B)
[1119/190529.233:WARNING:pe_image_reader.cc(340)] could not read dos header from C:\Windows\SYSTEM32\bcryptPrimitives.dll
[1119/190529.233:ERROR:process_memory_win.cc(73)] ReadMemory at 0x7ff601bc0000 of 64 bytes failed: Only part of a ReadProcessMemory or WriteProcessMemory request was completed. (0x12B)
[1119/190529.233:WARNING:pe_image_reader.cc(340)] could not read dos header from C:\Program Files (x86)\Google\Chrome\Application\chrome.exe
[1119/190529.233:ERROR:process_memory_win.cc(73)] ReadMemory at 0x7ffd92560000 of 64 bytes failed: Only part of a ReadProcessMemory or WriteProcessMemory request was completed. (0x12B)
[1119/190529.233:WARNING:pe_image_reader.cc(340)] could not read dos header from C:\Windows\SYSTEM32\ntdll.dll
[1119/190529.233:ERROR:process_memory_win.cc(73)] ReadMemory at 0x7ffd92420000 of 64 bytes failed: Only part of a ReadProcessMemory or WriteProcessMemory request was completed. (0x12B)
[1119/190529.233:WARNING:pe_image_reader.cc(340)] could not read dos header from C:\Windows\system32\KERNEL32.DLL
[1119/190529.233:ERROR:process_memory_win.cc(73)] ReadMemory at 0x7ffd8fad0000 of 64 bytes failed: Only part of a ReadProcessMemory or WriteProcessMemory request was completed. (0x12B)
[1119/190529.233:WARNING:pe_image_reader.cc(340)] could not read dos header from C:\Windows\system32\KERNELBASE.dll
[1119/190529.234:ERROR:process_memory_win.cc(73)] ReadMemory at 0x7ffd79d30000 of 64 bytes failed: Only part of a ReadProcessMemory or WriteProcessMemory request was completed. (0x12B)
[1119/190529.234:WARNING:pe_image_reader.cc(340)] could not read dos header from C:\Program Files (x86)\Google\Chrome\Application\78.0.3904.97\chrome_elf.dll
[1119/190529.234:ERROR:process_memory_win.cc(73)] ReadMemory at 0x7ffd89ae0000 of 64 bytes failed: Only part of a ReadProcessMemory or WriteProcessMemory request was completed. (0x12B)
[1119/190529.234:WARNING:pe_image_reader.cc(340)] could not read dos header from C:\Windows\SYSTEM32\VERSION.dll
[1119/190529.234:ERROR:process_memory_win.cc(73)] ReadMemory at 0x7ffd921f0000 of 64 bytes failed: Only part of a ReadProcessMemory or WriteProcessMemory request was completed. (0x12B)
[1119/190529.234:WARNING:pe_image_reader.cc(340)] could not read dos header from C:\Windows\system32\msvcrt.dll
[1119/190529.234:ERROR:process_memory_win.cc(73)] ReadMemory at 0x7ffd84010000 of 64 bytes failed: Only part of a ReadProcessMemory or WriteProcessMemory request was completed. (0x12B)
[1119/190529.234:WARNING:pe_image_reader.cc(340)] could not read dos header from C:\Windows\SYSTEM32\WINMM.dll
[1119/190529.234:ERROR:process_memory_win.cc(73)] ReadMemory at 0x7ffd83fe0000 of 64 bytes failed: Only part of a ReadProcessMemory or WriteProcessMemory request was completed. (0x12B)
[1119/190529.234:WARNING:pe_image_reader.cc(340)] could not read dos header from C:\Windows\SYSTEM32\WINMMBASE.dll
[1119/190529.234:ERROR:process_memory_win.cc(73)] ReadMemory at 0x7ffd922a0000 of 64 bytes failed: Only part of a ReadProcessMemory or WriteProcessMemory request was completed. (0x12B)
[1119/190529.234:WARNING:pe_image_reader.cc(340)] could not read dos header from C:\Windows\system32\USER32.dll
[1119/190529.234:ERROR:process_memory_win.cc(73)] ReadMemory at 0x7ffd8f940000 of 64 bytes failed: Only part of a ReadProcessMemory or WriteProcessMemory request was completed. (0x12B)
[1119/190529.234:WARNING:pe_image_reader.cc(340)] could not read dos header from C:\Windows\SYSTEM32\cfgmgr32.dll
[1119/190529.234:ERROR:process_memory_win.cc(73)] ReadMemory at 0x7ffd8e4b0000 of 64 bytes failed: Only part of a ReadProcessMemory or WriteProcessMemory request was completed. (0x12B)
[1119/190529.234:WARNING:pe_image_reader.cc(340)] could not read dos header from C:\Windows\SYSTEM32\DEVOBJ.dll
[1119/190529.234:ERROR:process_memory_win.cc(73)] ReadMemory at 0x7ffd8fcc0000 of 64 bytes failed: Only part of a ReadProcessMemory or WriteProcessMemory request was completed. (0x12B)
[1119/190529.234:WARNING:pe_image_reader.cc(340)] could not read dos header from C:\Windows\system32\GDI32.dll
[1119/190529.234:ERROR:process_memory_win.cc(73)] ReadMemory at 0x7ffd90490000 of 64 bytes failed: Only part of a ReadProcessMemory or WriteProcessMemory request was completed. (0x12B)
[1119/190529.234:WARNING:pe_image_reader.cc(340)] could not read dos header from C:\Windows\system32\IMM32.DLL
[1119/190529.234:ERROR:process_memory_win.cc(73)] ReadMemory at 0x7ffd90330000 of 64 bytes failed: Only part of a ReadProcessMemory or WriteProcessMemory request was completed. (0x12B)
[1119/190529.234:WARNING:pe_image_reader.cc(340)] could not read dos header from C:\Windows\system32\MSCTF.dll
[1119/190529.234:ERROR:process_memory_win.cc(73)] ReadMemory at 0x7ffd92140000 of 64 bytes failed: Only part of a ReadProcessMemory or WriteProcessMemory request was completed. (0x12B)
[1119/190529.342:WARNING:pe_image_reader.cc(340)] could not read dos header from C:\Windows\system32\ADVAPI32.dll
[1119/190529.342:ERROR:process_memory_win.cc(73)] ReadMemory at 0x7ffd8fee0000 of 64 bytes failed: Only part of a ReadProcessMemory or WriteProcessMemory request was completed. (0x12B)
[1119/190529.342:WARNING:pe_image_reader.cc(340)] could not read dos header from C:\Windows\SYSTEM32\sechost.dll
[1119/190529.342:ERROR:process_memory_win.cc(73)] ReadMemory at 0x7ffd92000000 of 64 bytes failed: Only part of a ReadProcessMemory or WriteProcessMemory request was completed. (0x12B)
[1119/190529.345:WARNING:pe_image_reader.cc(340)] could not read dos header from C:\Windows\system32\RPCRT4.dll
[1119/190529.345:ERROR:process_memory_win.cc(73)] ReadMemory at 0x7ffd8faa0000 of 64 bytes failed: Only part of a ReadProcessMemory or WriteProcessMemory request was completed. (0x12B)
[1119/190529.345:WARNING:pe_image_reader.cc(340)] could not read dos header from C:\Windows\system32\SspiCli.dll
[1119/190529.345:ERROR:process_memory_win.cc(73)] ReadMemory at 0x7ffd61e30000 of 64 bytes failed: Only part of a ReadProcessMemory or WriteProcessMemory request was completed. (0x12B)
[1119/190529.345:WARNING:pe_image_reader.cc(340)] could not read dos header from C:\Program Files (x86)\Google\Chrome\Application\78.0.3904.97\chrome_child.dll
[1119/190529.345:ERROR:process_memory_win.cc(73)] ReadMemory at 0x5e216b0000 of 64 bytes failed: Only part of a ReadProcessMemory or WriteProcessMemory request was completed. (0x12B)
[1119/190529.345:WARNING:pe_image_reader.cc(340)] could not read dos header from C:\Windows\system32\OLEAUT32.dll
[1119/190529.345:ERROR:process_memory_win.cc(73)] ReadMemory at 0x7ffd91cd0000 of 64 bytes failed: Only part of a ReadProcessMemory or WriteProcessMemory request was completed. (0x12B)
[1119/190529.345:WARNING:pe_image_reader.cc(340)] could not read dos header from C:\Windows\system32\WS2_32.dll
[1119/190529.345:ERROR:process_memory_win.cc(73)] ReadMemory at 0x7ffd8b180000 of 64 bytes failed: Only part of a ReadProcessMemory or WriteProcessMemory request was completed. (0x12B)
[1119/190529.345:WARNING:pe_image_reader.cc(340)] could not read dos header from C:\Windows\SYSTEM32\IPHLPAPI.DLL
[1119/190529.345:ERROR:process_memory_win.cc(73)] ReadMemory at 0x7ffd8f990000 of 64 bytes failed: Only part of a ReadProcessMemory or WriteProcessMemory request was completed. (0x12B)
[1119/190529.345:WARNING:pe_image_reader.cc(340)] could not read dos header from C:\Windows\system32\WINTRUST.dll
[1119/190529.345:ERROR:process_memory_win.cc(73)] ReadMemory at 0x7ffd8f760000 of 64 bytes failed: Only part of a ReadProcessMemory or WriteProcessMemory request was completed. (0x12B)
[1119/190529.345:WARNING:pe_image_reader.cc(340)] could not read dos header from C:\Windows\system32\CRYPT32.dll
[1119/190529.345:ERROR:process_memory_win.cc(73)] ReadMemory at 0x7ffd8ec50000 of 64 bytes failed: Only part of a ReadProcessMemory or WriteProcessMemory request was completed. (0x12B)
[1119/190529.346:WARNING:pe_image_reader.cc(340)] could not read dos header from C:\Windows\SYSTEM32\USERENV.dll
[1119/190529.346:ERROR:process_memory_win.cc(73)] ReadMemory at 0x7ffd8a8a0000 of 64 bytes failed: Only part of a ReadProcessMemory or WriteProcessMemory request was completed. (0x12B)
[1119/190529.346:WARNING:pe_image_reader.cc(340)] could not read dos header from C:\Windows\SYSTEM32\DWrite.dll
[1119/190529.346:ERROR:process_memory_win.cc(73)] ReadMemory at 0x7ffd7ddc0000 of 64 bytes failed: Only part of a ReadProcessMemory or WriteProcessMemory request was completed. (0x12B)
[1119/190529.346:WARNING:pe_image_reader.cc(340)] could not read dos header from C:\Windows\SYSTEM32\WINSPOOL.DRV
[1119/190529.346:ERROR:process_memory_win.cc(73)] ReadMemory at 0x7ffd8d380000 of 64 bytes failed: Only part of a ReadProcessMemory or WriteProcessMemory request was completed. (0x12B)
[1119/190529.346:WARNING:pe_image_reader.cc(340)] could not read dos header from C:\Windows\SYSTEM32\dbghelp.dll
[1119/190529.346:ERROR:process_memory_win.cc(73)] ReadMemory at 0x7ffd8a190000 of 64 bytes failed: Only part of a ReadProcessMemory or WriteProcessMemory request was completed. (0x12B)
[1119/190529.346:WARNING:pe_image_reader.cc(340)] could not read dos header from C:\Windows\SYSTEM32\Secur32.dll
[1119/190529.346:ERROR:process_memory_win.cc(73)] ReadMemory at 0x7ffd89c20000 of 64 bytes failed: Only part of a ReadProcessMemory or WriteProcessMemory request was completed. (0x12B)
[1119/190529.346:WARNING:pe_image_reader.cc(340)] could not read dos header from C:\Windows\SYSTEM32\WINHTTP.dll
[1119/190529.346:ERROR:process_memory_win.cc(73)] ReadMemory at 0x7ffd8af20000 of 64 bytes failed: Only part of a ReadProcessMemory or WriteProcessMemory request was completed. (0x12B)
[1119/190529.346:WARNING:pe_image_reader.cc(340)] could not read dos header from C:\Windows\SYSTEM32\dhcpcsvc.DLL
[1119/190529.346:ERROR:process_memory_win.cc(73)] ReadMemory at 0x7ffd90120000 of 64 bytes failed: Only part of a ReadProcessMemory or WriteProcessMemory request was completed. (0x12B)
[1119/190529.346:WARNING:pe_image_reader.cc(340)] could not read dos header from C:\Windows\system32\combase.dll
[1119/190529.346:ERROR:process_memory_win.cc(73)] ReadMemory at 0x7ffd904e0000 of 64 bytes failed: Only part of a ReadProcessMemory or WriteProcessMemory request was completed. (0x12B)
[1119/190529.346:WARNING:pe_image_reader.cc(340)] could not read dos header from C:\Windows\system32\NSI.dll
[1119/190529.346:ERROR:process_memory_win.cc(73)] ReadMemory at 0x7ffd8b120000 of 64 bytes failed: Only part of a ReadProcessMemory or WriteProcessMemory request was completed. (0x12B)
[1119/190529.346:WARNING:pe_image_reader.cc(340)] could not read dos header from C:\Windows\SYSTEM32\WINNSI.DLL
[1119/190529.346:ERROR:process_memory_win.cc(73)] ReadMemory at 0x7ffd8f740000 of 64 bytes failed: Only part of a ReadProcessMemory or WriteProcessMemory request was completed. (0x12B)
[1119/190529.346:WARNING:pe_image_reader.cc(340)] could not read dos header from C:\Windows\system32\MSASN1.dll
[1119/190529.346:ERROR:process_memory_win.cc(73)] ReadMemory at 0x7ffd8f690000 of 64 bytes failed: Only part of a ReadProcessMemory or WriteProcessMemory request was completed. (0x12B)
[1119/190529.346:WARNING:pe_image_reader.cc(340)] could not read dos header from C:\Windows\SYSTEM32\profapi.dll
[1119/190529.346:ERROR:process_memory_win.cc(73)] ReadMemory at 0x7ffd8f500000 of 64 bytes failed: Only part of a ReadProcessMemory or WriteProcessMemory request was completed. (0x12B)
[1119/190529.346:WARNING:pe_image_reader.cc(340)] could not read dos header from C:\Windows\SYSTEM32\CRYPTBASE.DLL
[1119/190529.346:ERROR:process_memory_win.cc(73)] ReadMemory at 0x7ffd8f490000 of 64 bytes failed: Only part of a ReadProcessMemory or WriteProcessMemory request was completed. (0x12B)
[1119/190529.346:WARNING:pe_image_reader.cc(340)] could not read dos header from C:\Windows\SYSTEM32\bcryptPrimitives.dll
[1119/190529.505:ERROR:process_memory_win.cc(73)] ReadMemory at 0x5e2123d000 of 77824 bytes failed: Only part of a ReadProcessMemory or WriteProcessMemory request was completed. (0x12B)
[1119/190529.505:ERROR:process_memory_win.cc(73)] ReadMemory at 0x5e23d7d000 of 12288 bytes failed: Only part of a ReadProcessMemory or WriteProcessMemory request was completed. (0x12B)
[1119/190529.505:ERROR:process_memory_win.cc(73)] ReadMemory at 0x5e24d7c000 of 16384 bytes failed: Only part of a ReadProcessMemory or WriteProcessMemory request was completed. (0x12B)
[1119/190529.505:ERROR:process_memory_win.cc(73)] ReadMemory at 0x5e2557b000 of 20480 bytes failed: Only part of a ReadProcessMemory or WriteProcessMemory request was completed. (0x12B)
[1119/190529.506:ERROR:process_memory_win.cc(73)] ReadMemory at 0x5e25d7e000 of 8192 bytes failed: Only part of a ReadProcessMemory or WriteProcessMemory request was completed. (0x12B)
[1119/190529.506:ERROR:process_memory_win.cc(73)] ReadMemory at 0x5e2657c000 of 16384 bytes failed: Only part of a ReadProcessMemory or WriteProcessMemory request was completed. (0x12B)
[1119/190529.507:ERROR:process_memory_win.cc(73)] ReadMemory at 0x5e26f7b000 of 20480 bytes failed: Only part of a ReadProcessMemory or WriteProcessMemory request was completed. (0x12B)
[1119/190529.507:ERROR:process_memory_win.cc(73)] ReadMemory at 0x5e27779000 of 28672 bytes failed: Only part of a ReadProcessMemory or WriteProcessMemory request was completed. (0x12B)
[1119/190529.507:ERROR:process_memory_win.cc(73)] ReadMemory at 0x5e27f7a000 of 24576 bytes failed: Only part of a ReadProcessMemory or WriteProcessMemory request was completed. (0x12B)
[1119/190529.507:ERROR:process_memory_win.cc(73)] ReadMemory at 0x5e2897d000 of 12288 bytes failed: Only part of a ReadProcessMemory or WriteProcessMemory request was completed. (0x12B)
[1119/190529.507:ERROR:process_memory_win.cc(73)] ReadMemory at 0x5e2cd5d000 of 12288 bytes failed: Only part of a ReadProcessMemory or WriteProcessMemory request was completed. (0x12B)
[1119/190529.507:ERROR:process_memory_win.cc(73)] ReadMemory at 0x5e296de000 of 8192 bytes failed: Only part of a ReadProcessMemory or WriteProcessMemory request was completed. (0x12B)
[1119/190529.584:ERROR:process_memory_win.cc(73)] ReadMemory at 0x5e21390130 of 512 bytes failed: Only part of a ReadProcessMemory or WriteProcessMemory request was completed. (0x12B)
[1119/190529.584:ERROR:process_memory_win.cc(73)] ReadMemory at 0x5e21390d60 of 512 bytes failed: Only part of a ReadProcessMemory or WriteProcessMemory request was completed. (0x12B)
[1119/190529.685:ERROR:process_memory_win.cc(73)] ReadMemory at 0x5e21410860 of 6778 bytes failed: Only part of a ReadProcessMemory or WriteProcessMemory request was completed. (0x12B)
[1119/190529.809:ERROR:process_memory_win.cc(73)] ReadMemory at 0x5e214122f0 of 1012 bytes failed: Only part of a ReadProcessMemory or WriteProcessMemory request was completed. (0x12B)
[1119/190529.809:ERROR:process_memory_win.cc(73)] ReadMemory at 0x5e21412908 of 118 bytes failed: Only part of a ReadProcessMemory or WriteProcessMemory request was completed. (0x12B)
[1119/190529.809:ERROR:process_memory_win.cc(73)] ReadMemory at 0x5e21412980 of 782 bytes failed: Only part of a ReadProcessMemory or WriteProcessMemory request was completed. (0x12B)
[1119/190529.809:ERROR:process_memory_win.cc(73)] ReadMemory at 0x5e21412c90 of 118 bytes failed: Only part of a ReadProcessMemory or WriteProcessMemory request was completed. (0x12B)
[1119/190529.809:ERROR:process_memory_win.cc(73)] ReadMemory at 0x5e21412d08 of 100 bytes failed: Only part of a ReadProcessMemory or WriteProcessMemory request was completed. (0x12B)
[1119/190529.809:ERROR:process_memory_win.cc(73)] ReadMemory at 0x5e21412d80 of 58 bytes failed: Only part of a ReadProcessMemory or WriteProcessMemory request was completed. (0x12B)
[1119/190529.809:ERROR:process_memory_win.cc(73)] ReadMemory at 0x5e21412e80 of 132 bytes failed: Only part of a ReadProcessMemory or WriteProcessMemory request was completed. (0x12B)
[1119/190529.809:ERROR:process_memory_win.cc(73)] ReadMemory at 0x5e21413000 of 132 bytes failed: Only part of a ReadProcessMemory or WriteProcessMemory request was completed. (0x12B)
[1119/190529.809:ERROR:process_memory_win.cc(73)] ReadMemory at 0x5e21413210 of 124 bytes failed: Only part of a ReadProcessMemory or WriteProcessMemory request was completed. (0x12B)
[1119/190529.809:ERROR:process_memory_win.cc(73)] ReadMemory at 0x5e21413500 of 64 bytes failed: Only part of a ReadProcessMemory or WriteProcessMemory request was completed. (0x12B)
[1119/190529.809:ERROR:process_memory_win.cc(73)] ReadMemory at 0x5e21413550 of 132 bytes failed: Only part of a ReadProcessMemory or WriteProcessMemory request was completed. (0x12B)
[1119/190529.810:ERROR:process_memory_win.cc(73)] ReadMemory at 0x5e21413810 of 152 bytes failed: Only part of a ReadProcessMemory or WriteProcessMemory request was completed. (0x12B)
[1119/190529.936:ERROR:process_memory_win.cc(73)] ReadMemory at 0x5e214138c0 of 68 bytes failed: Only part of a ReadProcessMemory or WriteProcessMemory request was completed. (0x12B)
[1119/190529.936:ERROR:process_memory_win.cc(73)] ReadMemory at 0x5e21413910 of 132 bytes failed: Only part of a ReadProcessMemory or WriteProcessMemory request was completed. (0x12B)
[1119/190529.936:ERROR:process_memory_win.cc(73)] ReadMemory at 0x5e21414670 of 132 bytes failed: Only part of a ReadProcessMemory or WriteProcessMemory request was completed. (0x12B)
[1119/190529.936:ERROR:process_memory_win.cc(73)] ReadMemory at 0x5e21415250 of 132 bytes failed: Only part of a ReadProcessMemory or WriteProcessMemory request was completed. (0x12B)
[1119/190529.936:ERROR:process_memory_win.cc(73)] ReadMemory at 0x5e21415370 of 132 bytes failed: Only part of a ReadProcessMemory or WriteProcessMemory request was completed. (0x12B)
[1119/190529.936:ERROR:process_memory_win.cc(73)] ReadMemory at 0x5e21415490 of 54 bytes failed: Only part of a ReadProcessMemory or WriteProcessMemory request was completed. (0x12B)
[1119/190529.936:ERROR:process_memory_win.cc(73)] ReadMemory at 0x5e214163c0 of 62 bytes failed: Only part of a ReadProcessMemory or WriteProcessMemory request was completed. (0x12B)
[1119/190529.936:ERROR:process_memory_win.cc(73)] ReadMemory at 0x5e21416410 of 132 bytes failed: Only part of a ReadProcessMemory or WriteProcessMemory request was completed. (0x12B)
[1119/190529.936:ERROR:process_memory_win.cc(73)] ReadMemory at 0x5e21416ae0 of 60 bytes failed: Only part of a ReadProcessMemory or WriteProcessMemory request was completed. (0x12B)
[1119/190529.936:ERROR:process_memory_win.cc(73)] ReadMemory at 0x5e21416e80 of 132 bytes failed: Only part of a ReadProcessMemory or WriteProcessMemory request was completed. (0x12B)
[1119/190529.936:ERROR:process_memory_win.cc(73)] ReadMemory at 0x5e214177e0 of 132 bytes failed: Only part of a ReadProcessMemory or WriteProcessMemory request was completed. (0x12B)
[1119/190529.936:ERROR:process_memory_win.cc(73)] ReadMemory at 0x5e21417a10 of 132 bytes failed: Only part of a ReadProcessMemory or WriteProcessMemory request was completed. (0x12B)
[1119/190529.936:ERROR:process_memory_win.cc(73)] ReadMemory at 0x5e21417b30 of 156 bytes failed: Only part of a ReadProcessMemory or WriteProcessMemory request was completed. (0x12B)
[1119/190529.974:ERROR:process_memory_win.cc(73)] ReadMemory at 0x5e2141a120 of 132 bytes failed: Only part of a ReadProcessMemory or WriteProcessMemory request was completed. (0x12B)
[1119/190530.113:ERROR:process_memory_win.cc(73)] ReadMemory at 0x5e2141a240 of 132 bytes failed: Only part of a ReadProcessMemory or WriteProcessMemory request was completed. (0x12B)
[1119/190530.373:ERROR:process_memory_win.cc(73)] ReadMemory at 0x5e2141b0c0 of 132 bytes failed: Only part of a ReadProcessMemory or WriteProcessMemory request was completed. (0x12B)
[1119/190530.483:ERROR:process_memory_win.cc(73)] ReadMemory at 0x5e2141b3d0 of 60 bytes failed: Only part of a ReadProcessMemory or WriteProcessMemory request was completed. (0x12B)
[1119/190531.673:ERROR:process_memory_win.cc(73)] ReadMemory at 0x5e2141b420 of 58 bytes failed: Only part of a ReadProcessMemory or WriteProcessMemory request was completed. (0x12B)
[1119/190531.673:ERROR:process_memory_win.cc(73)] ReadMemory at 0x5e2141b470 of 60 bytes failed: Only part of a ReadProcessMemory or WriteProcessMemory request was completed. (0x12B)
[1119/190531.711:ERROR:process_memory_win.cc(73)] ReadMemory at 0x5e2141b4c0 of 58 bytes failed: Only part of a ReadProcessMemory or WriteProcessMemory request was completed. (0x12B)
[1119/190531.711:ERROR:process_memory_win.cc(73)] ReadMemory at 0x5e2141b510 of 64 bytes failed: Only part of a ReadProcessMemory or WriteProcessMemory request was completed. (0x12B)
[1119/190531.711:ERROR:process_memory_win.cc(73)] ReadMemory at 0x5e2141b560 of 62 bytes failed: Only part of a ReadProcessMemory or WriteProcessMemory request was completed. (0x12B)
[1119/190531.711:ERROR:process_memory_win.cc(73)] ReadMemory at 0x5e2141b600 of 60 bytes failed: Only part of a ReadProcessMemory or WriteProcessMemory request was completed. (0x12B)
[1119/190531.711:ERROR:process_memory_win.cc(73)] ReadMemory at 0x5e2141b650 of 64 bytes failed: Only part of a ReadProcessMemory or WriteProcessMemory request was completed. (0x12B)
[1119/190531.970:ERROR:process_memory_win.cc(73)] ReadMemory at 0x5e2141b6a0 of 58 bytes failed: Only part of a ReadProcessMemory or WriteProcessMemory request was completed. (0x12B)
[1119/190532.088:ERROR:process_memory_win.cc(73)] ReadMemory at 0x5e2141b6f0 of 58 bytes failed: Only part of a ReadProcessMemory or WriteProcessMemory request was completed. (0x12B)
[1119/190532.088:ERROR:process_memory_win.cc(73)] ReadMemory at 0x5e2141b790 of 64 bytes failed: Only part of a ReadProcessMemory or WriteProcessMemory request was completed. (0x12B)
[1119/190532.089:ERROR:process_memory_win.cc(73)] ReadMemory at 0x5e2141b7e0 of 66 bytes failed: Only part of a ReadProcessMemory or WriteProcessMemory request was completed. (0x12B)
[1119/190532.232:ERROR:process_memory_win.cc(73)] ReadMemory at 0x5e2141b830 of 62 bytes failed: Only part of a ReadProcessMemory or WriteProcessMemory request was completed. (0x12B)
[1119/190532.323:ERROR:process_memory_win.cc(73)] ReadMemory at 0x5e2141b880 of 62 bytes failed: Only part of a ReadProcessMemory or WriteProcessMemory request was completed. (0x12B)
[1119/190532.323:ERROR:process_memory_win.cc(73)] ReadMemory at 0x5e2141b8d0 of 64 bytes failed: Only part of a ReadProcessMemory or WriteProcessMemory request was completed. (0x12B)
[1119/190532.423:ERROR:process_memory_win.cc(73)] ReadMemory at 0x5e2141b920 of 60 bytes failed: Only part of a ReadProcessMemory or WriteProcessMemory request was completed. (0x12B)
[1119/190532.423:ERROR:process_memory_win.cc(73)] ReadMemory at 0x5e2141b970 of 64 bytes failed: Only part of a ReadProcessMemory or WriteProcessMemory request was completed. (0x12B)
[1119/190532.423:ERROR:process_memory_win.cc(73)] ReadMemory at 0x5e2141b9c0 of 64 bytes failed: Only part of a ReadProcessMemory or WriteProcessMemory request was completed. (0x12B)
[1119/190532.423:ERROR:process_memory_win.cc(73)] ReadMemory at 0x5e2141ba10 of 62 bytes failed: Only part of a ReadProcessMemory or WriteProcessMemory request was completed. (0x12B)
[1119/190532.528:ERROR:process_memory_win.cc(73)] ReadMemory at 0x5e2141ba60 of 60 bytes failed: Only part of a ReadProcessMemory or WriteProcessMemory request was completed. (0x12B)
[1119/190532.528:ERROR:process_memory_win.cc(73)] ReadMemory at 0x5e2141bab0 of 62 bytes failed: Only part of a ReadProcessMemory or WriteProcessMemory request was completed. (0x12B)
[1119/190532.528:ERROR:process_memory_win.cc(73)] ReadMemory at 0x5e2141c330 of 132 bytes failed: Only part of a ReadProcessMemory or WriteProcessMemory request was completed. (0x12B)
[1119/190532.623:ERROR:process_memory_win.cc(73)] ReadMemory at 0x5e2141c450 of 132 bytes failed: Only part of a ReadProcessMemory or WriteProcessMemory request was completed. (0x12B)
[1119/190532.623:ERROR:process_memory_win.cc(73)] ReadMemory at 0x5e2141c570 of 132 bytes failed: Only part of a ReadProcessMemory or WriteProcessMemory request was completed. (0x12B)
[1119/190532.693:ERROR:process_memory_win.cc(73)] ReadMemory at 0x5e2141e520 of 132 bytes failed: Only part of a ReadProcessMemory or WriteProcessMemory request was completed. (0x12B)
[1119/190532.693:ERROR:process_memory_win.cc(73)] ReadMemory at 0x5e2141e640 of 132 bytes failed: Only part of a ReadProcessMemory or WriteProcessMemory request was completed. (0x12B)
[1119/190532.693:ERROR:process_memory_win.cc(73)] ReadMemory at 0x5e2141e760 of 132 bytes failed: Only part of a ReadProcessMemory or WriteProcessMemory request was completed. (0x12B)
[1119/190532.807:ERROR:process_memory_win.cc(73)] ReadMemory at 0x5e2141e880 of 132 bytes failed: Only part of a ReadProcessMemory or WriteProcessMemory request was completed. (0x12B)
[1119/190532.965:ERROR:process_memory_win.cc(73)] ReadMemory at 0x5e2141e9a0 of 132 bytes failed: Only part of a ReadProcessMemory or WriteProcessMemory request was completed. (0x12B)
[1119/190532.965:ERROR:process_memory_win.cc(73)] ReadMemory at 0x5e2141eac0 of 132 bytes failed: Only part of a ReadProcessMemory or WriteProcessMemory request was completed. (0x12B)
[1119/190533.023:ERROR:process_memory_win.cc(73)] ReadMemory at 0x5e2141ebe0 of 132 bytes failed: Only part of a ReadProcessMemory or WriteProcessMemory request was completed. (0x12B)
[1119/190533.023:ERROR:process_memory_win.cc(73)] ReadMemory at 0x5e2141ed00 of 132 bytes failed: Only part of a ReadProcessMemory or WriteProcessMemory request was completed. (0x12B)
[1119/190533.023:ERROR:process_memory_win.cc(73)] ReadMemory at 0x5e2141ee20 of 132 bytes failed: Only part of a ReadProcessMemory or WriteProcessMemory request was completed. (0x12B)
[1119/190533.023:ERROR:process_memory_win.cc(73)] ReadMemory at 0x5e2141ef40 of 132 bytes failed: Only part of a ReadProcessMemory or WriteProcessMemory request was completed. (0x12B)
[1119/190533.254:ERROR:process_memory_win.cc(73)] ReadMemory at 0x5e2141f060 of 132 bytes failed: Only part of a ReadProcessMemory or WriteProcessMemory request was completed. (0x12B)
[1119/190533.254:ERROR:process_memory_win.cc(73)] ReadMemory at 0x5e2141f180 of 132 bytes failed: Only part of a ReadProcessMemory or WriteProcessMemory request was completed. (0x12B)
[1119/190533.254:ERROR:process_memory_win.cc(73)] ReadMemory at 0x5e2141f2a0 of 132 bytes failed: Only part of a ReadProcessMemory or WriteProcessMemory request was completed. (0x12B)
[1119/190533.254:ERROR:process_memory_win.cc(73)] ReadMemory at 0x5e21421e00 of 80 bytes failed: Only part of a ReadProcessMemory or WriteProcessMemory request was completed. (0x12B)
[1119/190533.254:ERROR:process_memory_win.cc(73)] ReadMemory at 0x5e21422520 of 64 bytes failed: Only part of a ReadProcessMemory or WriteProcessMemory request was completed. (0x12B)
[1119/190533.254:ERROR:process_memory_win.cc(73)] ReadMemory at 0x5e21422570 of 62 bytes failed: Only part of a ReadProcessMemory or WriteProcessMemory request was completed. (0x12B)
[1119/190533.254:ERROR:process_memory_win.cc(73)] ReadMemory at 0x5e214225c0 of 62 bytes failed: Only part of a ReadProcessMemory or WriteProcessMemory request was completed. (0x12B)
[1119/190533.254:ERROR:process_memory_win.cc(73)] ReadMemory at 0x5e214227f0 of 62 bytes failed: Only part of a ReadProcessMemory or WriteProcessMemory request was completed. (0x12B)
[1119/190533.254:ERROR:process_memory_win.cc(73)] ReadMemory at 0x5e21422a20 of 66 bytes failed: Only part of a ReadProcessMemory or WriteProcessMemory request was completed. (0x12B)
[1119/190533.254:ERROR:process_memory_win.cc(73)] ReadMemory at 0x5e21422d40 of 60 bytes failed: Only part of a ReadProcessMemory or WriteProcessMemory request was completed. (0x12B)
[1119/190533.254:ERROR:process_memory_win.cc(73)] ReadMemory at 0x5e21423010 of 62 bytes failed: Only part of a ReadProcessMemory or WriteProcessMemory request was completed. (0x12B)
[1119/190533.254:ERROR:process_memory_win.cc(73)] ReadMemory at 0x5e214230b0 of 60 bytes failed: Only part of a ReadProcessMemory or WriteProcessMemory request was completed. (0x12B)
[1119/190533.305:ERROR:process_memory_win.cc(73)] ReadMemory at 0x5e214233a0 of 132 bytes failed: Only part of a ReadProcessMemory or WriteProcessMemory request was completed. (0x12B)
[1119/190533.305:ERROR:process_memory_win.cc(73)] ReadMemory at 0x5e214235e0 of 132 bytes failed: Only part of a ReadProcessMemory or WriteProcessMemory request was completed. (0x12B)
[1119/190533.305:ERROR:process_memory_win.cc(73)] ReadMemory at 0x5e21423820 of 132 bytes failed: Only part of a ReadProcessMemory or WriteProcessMemory request was completed. (0x12B)
[1119/190533.305:ERROR:process_memory_win.cc(73)] ReadMemory at 0x5e21423ca0 of 132 bytes failed: Only part of a ReadProcessMemory or WriteProcessMemory request was completed. (0x12B)
[1119/190533.305:ERROR:process_memory_win.cc(73)] ReadMemory at 0x5e214245a0 of 132 bytes failed: Only part of a ReadProcessMemory or WriteProcessMemory request was completed. (0x12B)
[1119/190533.305:ERROR:process_memory_win.cc(73)] ReadMemory at 0x5e214247e0 of 132 bytes failed: Only part of a ReadProcessMemory or WriteProcessMemory request was completed. (0x12B)
[1119/190533.305:ERROR:process_memory_win.cc(73)] ReadMemory at 0x5e21424900 of 132 bytes failed: Only part of a ReadProcessMemory or WriteProcessMemory request was completed. (0x12B)
[1119/190533.305:ERROR:process_memory_win.cc(73)] ReadMemory at 0x5e21424c60 of 132 bytes failed: Only part of a ReadProcessMemory or WriteProcessMemory request was completed. (0x12B)
[1119/190533.464:ERROR:process_memory_win.cc(73)] ReadMemory at 0x5e21425200 of 132 bytes failed: Only part of a ReadProcessMemory or WriteProcessMemory request was completed. (0x12B)
[1119/190533.464:ERROR:process_memory_win.cc(73)] ReadMemory at 0x5e2142a1b0 of 896 bytes failed: Only part of a ReadProcessMemory or WriteProcessMemory request was completed. (0x12B)
[1119/190533.582:ERROR:process_memory_win.cc(73)] ReadMemory at 0x5e2142c270 of 512 bytes failed: Only part of a ReadProcessMemory or WriteProcessMemory request was completed. (0x12B)
[1119/190533.582:ERROR:process_memory_win.cc(73)] ReadMemory at 0x5e217a6918 of 512 bytes failed: Only part of a ReadProcessMemory or WriteProcessMemory request was completed. (0x12B)
[1119/190533.582:ERROR:process_memory_win.cc(73)] ReadMemory at 0x5e217c85c0 of 512 bytes failed: Only part of a ReadProcessMemory or WriteProcessMemory request was completed. (0x12B)
[1119/190533.582:ERROR:process_memory_win.cc(73)] ReadMemory at 0x5e217d38b0 of 712 bytes failed: Only part of a ReadProcessMemory or WriteProcessMemory request was completed. (0x12B)
[1119/190533.582:ERROR:process_memory_win.cc(73)] ReadMemory at 0x5e217e6740 of 512 bytes failed: Only part of a ReadProcessMemory or WriteProcessMemory request was completed. (0x12B)
[1119/190533.582:ERROR:process_memory_win.cc(73)] ReadMemory at 0x5e265aaba0 of 512 bytes failed: Only part of a ReadProcessMemory or WriteProcessMemory request was completed. (0x12B)
[1119/190533.582:ERROR:process_memory_win.cc(73)] ReadMemory at 0x5e265f0580 of 512 bytes failed: Only part of a ReadProcessMemory or WriteProcessMemory request was completed. (0x12B)
[1119/190533.582:ERROR:process_memory_win.cc(73)] ReadMemory at 0x5e28c88938 of 512 bytes failed: Only part of a ReadProcessMemory or WriteProcessMemory request was completed. (0x12B)
[1119/190533.582:ERROR:process_memory_win.cc(73)] ReadMemory at 0x5e2be72c50 of 512 bytes failed: Only part of a ReadProcessMemory or WriteProcessMemory request was completed. (0x12B)
[1119/190533.582:ERROR:process_memory_win.cc(73)] ReadMemory at 0x5e2be79db0 of 512 bytes failed: Only part of a ReadProcessMemory or WriteProcessMemory request was completed. (0x12B)
[1119/190533.582:ERROR:process_memory_win.cc(73)] ReadMemory at 0x5e2bfe8148 of 512 bytes failed: Only part of a ReadProcessMemory or WriteProcessMemory request was completed. (0x12B)
[1119/190533.621:ERROR:process_memory_win.cc(73)] ReadMemory at 0xeb603bc0289 of 512 bytes failed: Only part of a ReadProcessMemory or WriteProcessMemory request was completed. (0x12B)
[1119/190533.621:ERROR:process_memory_win.cc(73)] ReadMemory at 0x1b0d05d6d701 of 512 bytes failed: Only part of a ReadProcessMemory or WriteProcessMemory request was completed. (0x12B)
[1119/190533.621:ERROR:process_memory_win.cc(73)] ReadMemory at 0x27979f95c119 of 512 bytes failed: Only part of a ReadProcessMemory or WriteProcessMemory request was completed. (0x12B)
[1119/190533.621:ERROR:process_memory_win.cc(73)] ReadMemory at 0x440f527b9999 of 512 bytes failed: Only part of a ReadProcessMemory or WriteProcessMemory request was completed. (0x12B)
[1119/190533.621:ERROR:process_memory_win.cc(73)] ReadMemory at 0x61e78ccaf619 of 512 bytes failed: Only part of a ReadProcessMemory or WriteProcessMemory request was completed. (0x12B)
[1119/190533.621:ERROR:process_memory_win.cc(73)] ReadMemory at 0x7c98549c0139 of 512 bytes failed: Only part of a ReadProcessMemory or WriteProcessMemory request was completed. (0x12B)
[1119/190533.621:ERROR:process_memory_win.cc(73)] ReadMemory at 0x7c98549c4999 of 512 bytes failed: Only part of a ReadProcessMemory or WriteProcessMemory request was completed. (0x12B)
[1119/190533.622:ERROR:process_memory_win.cc(73)] ReadMemory at 0x7ff601852000 of 6024 bytes failed: Only part of a ReadProcessMemory or WriteProcessMemory request was completed. (0x12B)
[1119/190533.756:ERROR:process_memory_win.cc(73)] ReadMemory at 0x7ff601854000 of 6024 bytes failed: Only part of a ReadProcessMemory or WriteProcessMemory request was completed. (0x12B)
[1119/190533.756:ERROR:process_memory_win.cc(73)] ReadMemory at 0x7ff601856000 of 6024 bytes failed: Only part of a ReadProcessMemory or WriteProcessMemory request was completed. (0x12B)
[1119/190533.756:ERROR:process_memory_win.cc(73)] ReadMemory at 0x7ff601858000 of 6024 bytes failed: Only part of a ReadProcessMemory or WriteProcessMemory request was completed. (0x12B)
[1119/190533.756:ERROR:process_memory_win.cc(73)] ReadMemory at 0x7ff60185a000 of 6024 bytes failed: Only part of a ReadProcessMemory or WriteProcessMemory request was completed. (0x12B)
[1119/190533.756:ERROR:process_memory_win.cc(73)] ReadMemory at 0x7ff60185c000 of 6024 bytes failed: Only part of a ReadProcessMemory or WriteProcessMemory request was completed. (0x12B)
[1119/190533.756:ERROR:process_memory_win.cc(73)] ReadMemory at 0x7ff60185e000 of 6024 bytes failed: Only part of a ReadProcessMemory or WriteProcessMemory request was completed. (0x12B)
[1119/190533.756:ERROR:process_memory_win.cc(73)] ReadMemory at 0x7ff601984000 of 852 bytes failed: Only part of a ReadProcessMemory or WriteProcessMemory request was completed. (0x12B)
[1119/190533.756:ERROR:process_memory_win.cc(73)] ReadMemory at 0x7ff601986000 of 6024 bytes failed: Only part of a ReadProcessMemory or WriteProcessMemory request was completed. (0x12B)
[1119/190533.756:ERROR:process_memory_win.cc(73)] ReadMemory at 0x7ff601988000 of 6024 bytes failed: Only part of a ReadProcessMemory or WriteProcessMemory request was completed. (0x12B)
[1119/190533.757:ERROR:process_memory_win.cc(73)] ReadMemory at 0x7ff60198a000 of 6024 bytes failed: Only part of a ReadProcessMemory or WriteProcessMemory request was completed. (0x12B)
[1119/190533.757:ERROR:process_memory_win.cc(73)] ReadMemory at 0x7ff60198c000 of 6024 bytes failed: Only part of a ReadProcessMemory or WriteProcessMemory request was completed. (0x12B)
[1119/190533.757:ERROR:process_memory_win.cc(73)] ReadMemory at 0x7ff60198e000 of 6024 bytes failed: Only part of a ReadProcessMemory or WriteProcessMemory request was completed. (0x12B)
[1119/190533.757:ERROR:process_memory_win.cc(73)] ReadMemory at 0x7ffd62c2494b of 512 bytes failed: Only part of a ReadProcessMemory or WriteProcessMemory request was completed. (0x12B)
[1119/190533.757:ERROR:process_memory_win.cc(73)] ReadMemory at 0x7ffd62c253a0 of 512 bytes failed: Only part of a ReadProcessMemory or WriteProcessMemory request was completed. (0x12B)
[1119/190533.757:ERROR:process_memory_win.cc(73)] ReadMemory at 0x7ffd6647931a of 512 bytes failed: Only part of a ReadProcessMemory or WriteProcessMemory request was completed. (0x12B)
[1119/190533.757:ERROR:process_memory_win.cc(73)] ReadMemory at 0x7ffd66638450 of 970 bytes failed: Only part of a ReadProcessMemory or WriteProcessMemory request was completed. (0x12B)
[1119/190533.757:ERROR:process_memory_win.cc(73)] ReadMemory at 0x7ffd79d57dc5 of 512 bytes failed: Only part of a ReadProcessMemory or WriteProcessMemory request was completed. (0x12B)
[1119/190533.757:ERROR:process_memory_win.cc(73)] ReadMemory at 0x7ffd79d585be of 512 bytes failed: Only part of a ReadProcessMemory or WriteProcessMemory request was completed. (0x12B)
[1119/190533.807:ERROR:process_memory_win.cc(73)] ReadMemory at 0x7ffd925695e0 of 18 bytes failed: Only part of a ReadProcessMemory or WriteProcessMemory request was completed. (0x12B)
[1119/190533.807:ERROR:process_memory_win.cc(73)] ReadMemory at 0x7ffd9257c4f0 of 512 bytes failed: Only part of a ReadProcessMemory or WriteProcessMemory request was completed. (0x12B)
[1119/190533.807:ERROR:process_memory_win.cc(73)] ReadMemory at 0x7ffd9259acd0 of 512 bytes failed: Only part of a ReadProcessMemory or WriteProcessMemory request was completed. (0x12B)
[1119/190533.853:ERROR:process_memory_win.cc(73)] ReadMemory at 0x7ffd925f071a of 592 bytes failed: Only part of a ReadProcessMemory or WriteProcessMemory request was completed. (0x12B)
[1119/190534.119:ERROR:process_memory_win.cc(73)] ReadMemory at 0x7ffd925f219a of 560 bytes failed: Only part of a ReadProcessMemory or WriteProcessMemory request was completed. (0x12B)
[1119/190534.119:ERROR:process_memory_win.cc(73)] ReadMemory at 0x7ffd9268e8a8 of 40 bytes failed: Only part of a ReadProcessMemory or WriteProcessMemory request was completed. (0x12B)
[1119/190534.175:ERROR:process_memory_win.cc(73)] ReadMemory at 0x7ffd9268ebe0 of 48 bytes failed: Only part of a ReadProcessMemory or WriteProcessMemory request was completed. (0x12B)
[1119/190534.175:ERROR:process_memory_win.cc(73)] ReadMemory at 0x7ffd92691320 of 64 bytes failed: Only part of a ReadProcessMemory or WriteProcessMemory request was completed. (0x12B)
[1119/190534.179:ERROR:scoped_process_suspend.cc(40)] NtResumeProcess: An attempt was made to access an exiting process. (0xc000010a)
